[debug] [2024-05-11T04:32:37.384Z] ----------------------------------------------------------------------
[debug] [2024-05-11T04:32:37.386Z] Command:       C:\Program Files\nodejs\node.exe C:\Users\natha\AppData\Roaming\npm\node_modules\firebase-tools\lib\bin\firebase.js deploy
[debug] [2024-05-11T04:32:37.386Z] CLI Version:   13.8.1
[debug] [2024-05-11T04:32:37.387Z] Platform:      win32
[debug] [2024-05-11T04:32:37.387Z] Node Version:  v20.11.0
[debug] [2024-05-11T04:32:37.387Z] Time:          Sat May 11 2024 00:32:37 GMT-0400 (Eastern Daylight Time)
[debug] [2024-05-11T04:32:37.387Z] ----------------------------------------------------------------------
[debug] 
[debug] [2024-05-11T04:32:37.453Z] > command requires scopes: ["email","openid","https://www.googleapis.com/auth/cloudplatformprojects.readonly","https://www.googleapis.com/auth/firebase","https://www.googleapis.com/auth/cloud-platform"]
[debug] [2024-05-11T04:32:37.453Z] > authorizing via signed-in user (nathantayele@gmail.com)
[debug] [2024-05-11T04:32:37.453Z] [iam] checking project sample-project-b6505 for permissions ["firebase.projects.get","firebasehosting.sites.update"]
[debug] [2024-05-11T04:32:37.455Z] > refreshing access token with scopes: []
[debug] [2024-05-11T04:32:37.456Z] >>> [apiv2][query] POST https://www.googleapis.com/oauth2/v3/token [none]
[debug] [2024-05-11T04:32:37.456Z] >>> [apiv2][body] POST https://www.googleapis.com/oauth2/v3/token [omitted]
[debug] [2024-05-11T04:32:37.665Z] <<< [apiv2][status] POST https://www.googleapis.com/oauth2/v3/token 200
[debug] [2024-05-11T04:32:37.666Z] <<< [apiv2][body] POST https://www.googleapis.com/oauth2/v3/token [omitted]
[debug] [2024-05-11T04:32:37.687Z] >>> [apiv2][query] POST https://cloudresourcemanager.googleapis.com/v1/projects/sample-project-b6505:testIamPermissions [none]
[debug] [2024-05-11T04:32:37.687Z] >>> [apiv2][(partial)header] POST https://cloudresourcemanager.googleapis.com/v1/projects/sample-project-b6505:testIamPermissions x-goog-quota-user=projects/sample-project-b6505
[debug] [2024-05-11T04:32:37.688Z] >>> [apiv2][body] POST https://cloudresourcemanager.googleapis.com/v1/projects/sample-project-b6505:testIamPermissions {"permissions":["firebase.projects.get","firebasehosting.sites.update"]}
[debug] [2024-05-11T04:32:37.933Z] <<< [apiv2][status] POST https://cloudresourcemanager.googleapis.com/v1/projects/sample-project-b6505:testIamPermissions 200
[debug] [2024-05-11T04:32:37.934Z] <<< [apiv2][body] POST https://cloudresourcemanager.googleapis.com/v1/projects/sample-project-b6505:testIamPermissions {"permissions":["firebase.projects.get","firebasehosting.sites.update"]}
[debug] [2024-05-11T04:32:37.936Z] >>> [apiv2][query] GET https://firebase.googleapis.com/v1beta1/projects/sample-project-b6505 [none]
[debug] [2024-05-11T04:32:38.302Z] <<< [apiv2][status] GET https://firebase.googleapis.com/v1beta1/projects/sample-project-b6505 200
[debug] [2024-05-11T04:32:38.302Z] <<< [apiv2][body] GET https://firebase.googleapis.com/v1beta1/projects/sample-project-b6505 {"projectId":"sample-project-b6505","projectNumber":"707674305404","displayName":"ExpenseTracker","name":"projects/sample-project-b6505","resources":{"hostingSite":"sample-project-b6505","realtimeDatabaseInstance":"sample-project-b6505-default-rtdb"},"state":"ACTIVE","etag":"1_6ae3c170-5b78-44ae-aa93-b0410fafb730"}
[debug] [2024-05-11T04:32:42.058Z] >>> [apiv2][query] GET https://firebasehosting.googleapis.com/v1beta1/projects/sample-project-b6505/sites pageToken=&pageSize=10
[debug] [2024-05-11T04:32:42.521Z] <<< [apiv2][status] GET https://firebasehosting.googleapis.com/v1beta1/projects/sample-project-b6505/sites 200
[debug] [2024-05-11T04:32:42.521Z] <<< [apiv2][body] GET https://firebasehosting.googleapis.com/v1beta1/projects/sample-project-b6505/sites {"sites":[{"name":"projects/sample-project-b6505/sites/sample-project-b6505","defaultUrl":"https://sample-project-b6505.web.app","appId":"1:707674305404:web:1f730f084f624a79c6eaf9","type":"DEFAULT_SITE"}]}
[debug] [2024-05-11T04:32:42.522Z] >>> [apiv2][query] GET https://firebase.googleapis.com/v1beta1/projects/-/webApps/1:707674305404:web:1f730f084f624a79c6eaf9/config [none]
[debug] [2024-05-11T04:32:43.111Z] <<< [apiv2][status] GET https://firebase.googleapis.com/v1beta1/projects/-/webApps/1:707674305404:web:1f730f084f624a79c6eaf9/config 200
[debug] [2024-05-11T04:32:43.111Z] <<< [apiv2][body] GET https://firebase.googleapis.com/v1beta1/projects/-/webApps/1:707674305404:web:1f730f084f624a79c6eaf9/config {"projectId":"sample-project-b6505","appId":"1:707674305404:web:1f730f084f624a79c6eaf9","databaseURL":"https://sample-project-b6505-default-rtdb.firebaseio.com","storageBucket":"sample-project-b6505.appspot.com","apiKey":"AIzaSyA71-VMlojv2bH2gRg1vp0MrvLt62y0RdU","authDomain":"sample-project-b6505.firebaseapp.com","messagingSenderId":"707674305404","measurementId":"G-S6NZFEYW3H"}
